2026-03-31 13:45:13,099 [INFO] simulator: Starting paper trading mode with live prices
2026-03-31 13:45:13,099 [WARNING] binance_client: Binance API key not configured. Using public endpoints only.
2026-03-31 13:45:13,099 [WARNING] kraken_client: Kraken API key not configured. Using public endpoints only.
2026-03-31 13:45:13,099 [INFO] simulator: Testing Binance connection...
2026-03-31 13:45:13,424 [INFO] simulator: Testing Kraken connection...
2026-03-31 14:02:03,957 [INFO] simulator: Shutdown signal received
2026-03-31 14:02:07,172 [INFO] simulator: Simulation ended
2026-03-31 14:02:13,105 [INFO] simulator: Starting paper trading mode with live prices
2026-03-31 14:02:13,105 [WARNING] binance_client: Binance API key not configured. Using public endpoints only.
2026-03-31 14:02:13,105 [WARNING] kraken_client: Kraken API key not configured. Using public endpoints only.
2026-03-31 14:02:13,105 [INFO] simulator: Testing Binance connection...
2026-03-31 14:02:13,456 [INFO] simulator: Testing Kraken connection...
2026-03-31 14:06:46,123 [INFO] simulator: Shutdown signal received
2026-03-31 14:06:47,764 [INFO] simulator: Simulation ended
2026-03-31 14:53:50,006 [INFO] simulator: Starting paper trading mode with live prices
2026-03-31 14:53:50,008 [WARNING] bitstamp_client: Bitstamp API key not configured. Using public endpoints only.
2026-03-31 14:53:50,008 [WARNING] kraken_client: Kraken API key not configured. Using public endpoints only.
2026-03-31 14:53:50,008 [INFO] simulator: Testing Bitstamp connection...
2026-03-31 14:53:50,202 [INFO] simulator: Testing Kraken connection...
2026-03-31 15:02:58,529 [INFO] simulator: Shutdown signal received
2026-03-31 15:03:00,053 [INFO] simulator: Simulation ended
2026-03-31 15:03:09,524 [INFO] simulator: Starting paper trading mode with live prices
2026-03-31 15:03:09,526 [WARNING] bitstamp_client: Bitstamp API key not configured. Using public endpoints only.
2026-03-31 15:03:09,527 [WARNING] kraken_client: Kraken API key not configured. Using public endpoints only.
2026-03-31 15:03:09,527 [INFO] simulator: Testing Bitstamp connection...
2026-03-31 15:03:09,807 [INFO] simulator: Testing Kraken connection...
2026-03-31 15:37:46,874 [INFO] simulator: Shutdown signal received
2026-03-31 15:37:47,308 [INFO] simulator: Simulation ended
2026-03-31 15:59:45,093 [INFO] simulator: Starting paper trading mode with live prices
2026-03-31 15:59:45,095 [WARNING] bitstamp_client: Bitstamp API key not configured. Using public endpoints only.
2026-03-31 15:59:45,096 [WARNING] kraken_client: Kraken API key not configured. Using public endpoints only.
2026-03-31 15:59:45,096 [INFO] simulator: Testing Bitstamp connection...
2026-03-31 15:59:45,434 [INFO] simulator: Testing Kraken connection...
2026-03-31 16:08:22,840 [INFO] simulator: Shutdown signal received
2026-03-31 16:08:23,881 [INFO] simulator: Simulation ended
2026-03-31 16:10:43,915 [INFO] simulator: Starting paper trading mode with live prices
2026-03-31 16:10:43,918 [WARNING] bitstamp_client: Bitstamp API key not configured. Using public endpoints only.
2026-03-31 16:10:43,918 [WARNING] kraken_client: Kraken API key not configured. Using public endpoints only.
2026-03-31 16:10:43,919 [INFO] simulator: Testing Bitstamp connection...
2026-03-31 16:10:44,171 [INFO] simulator: Testing Kraken connection...
2026-03-31 16:10:52,036 [INFO] simulator: Shutdown signal received
2026-03-31 16:10:53,562 [INFO] simulator: Simulation ended
2026-03-31 16:17:33,025 [INFO] simulator: Starting paper trading mode with live prices
2026-03-31 16:17:33,027 [WARNING] bitstamp_client: Bitstamp API key not configured. Using public endpoints only.
2026-03-31 16:17:33,027 [WARNING] kraken_client: Kraken API key not configured. Using public endpoints only.
2026-03-31 16:17:33,028 [INFO] simulator: Testing Bitstamp connection...
2026-03-31 16:17:33,210 [INFO] simulator: Testing Kraken connection...
2026-03-31 16:18:43,747 [INFO] simulator: Shutdown signal received
2026-03-31 16:18:45,421 [INFO] simulator: Simulation ended
2026-03-31 16:23:26,931 [INFO] simulator: Starting paper trading mode with live prices
2026-03-31 16:23:26,933 [WARNING] bitstamp_client: Bitstamp API key not configured. Using public endpoints only.
2026-03-31 16:23:26,933 [WARNING] kraken_client: Kraken API key not configured. Using public endpoints only.
2026-03-31 16:23:26,933 [INFO] simulator: Testing Bitstamp connection...
2026-03-31 16:23:27,199 [INFO] simulator: Testing Kraken connection...
2026-03-31 16:25:06,286 [INFO] simulator: Shutdown signal received
2026-03-31 16:25:07,540 [INFO] simulator: Simulation ended
2026-03-31 16:41:54,705 [INFO] simulator: Starting paper trading mode with live prices
2026-03-31 16:41:54,709 [WARNING] bitstamp_client: Bitstamp API key not configured. Using public endpoints only.
2026-03-31 16:41:54,709 [WARNING] kraken_client: Kraken API key not configured. Using public endpoints only.
2026-03-31 16:41:54,710 [INFO] simulator: Testing Bitstamp connection...
2026-03-31 16:41:55,103 [INFO] simulator: Testing Kraken connection...
2026-03-31 16:43:15,069 [INFO] simulator: Shutdown signal received
2026-03-31 16:43:15,413 [INFO] simulator: Simulation ended
2026-04-01 09:10:39,588 [INFO] simulator: Starting paper trading mode with live prices
2026-04-01 09:10:39,589 [WARNING] bitstamp_client: Bitstamp API key not configured. Using public endpoints only.
2026-04-01 09:10:39,589 [WARNING] kraken_client: Kraken API key not configured. Using public endpoints only.
2026-04-01 09:10:39,589 [WARNING] binance_client: Binance API key not configured. Using public endpoints only.
2026-04-01 09:10:39,589 [INFO] simulator: Testing Binance connection...
2026-04-01 09:10:39,888 [INFO] simulator: Testing Bitstamp connection...
2026-04-01 09:10:40,051 [INFO] simulator: Testing Kraken connection...
2026-04-01 09:11:46,253 [INFO] simulator: Shutdown signal received
2026-04-01 09:11:46,379 [INFO] simulator: Simulation ended
2026-04-01 09:19:51,355 [INFO] simulator: Starting paper trading mode with live prices
2026-04-01 09:19:51,356 [WARNING] bitstamp_client: Bitstamp API key not configured. Using public endpoints only.
2026-04-01 09:19:51,356 [WARNING] kraken_client: Kraken API key not configured. Using public endpoints only.
2026-04-01 09:19:51,356 [WARNING] binance_client: Binance API key not configured. Using public endpoints only.
2026-04-01 09:19:51,356 [INFO] simulator: Testing Binance connection...
2026-04-01 09:19:51,688 [INFO] simulator: Testing Bitstamp connection...
2026-04-01 09:19:51,798 [INFO] simulator: Testing Kraken connection...
2026-04-01 09:20:54,336 [INFO] simulator: Shutdown signal received
2026-04-01 09:20:57,640 [INFO] simulator: Simulation ended
2026-04-01 10:30:13,571 [INFO] simulator: Starting paper trading mode with live prices
2026-04-01 10:30:13,573 [WARNING] bitstamp_client: Bitstamp API key not configured. Using public endpoints only.
2026-04-01 10:30:13,573 [WARNING] kraken_client: Kraken API key not configured. Using public endpoints only.
2026-04-01 10:30:13,573 [WARNING] binance_client: Binance API key not configured. Using public endpoints only.
2026-04-01 10:30:13,573 [INFO] simulator: Testing Binance connection...
2026-04-01 10:30:14,045 [INFO] simulator: Testing Bitstamp connection...
2026-04-01 10:30:14,160 [INFO] simulator: Testing Kraken connection...
2026-04-01 14:49:30,077 [INFO] simulator: Shutdown signal received
2026-04-01 14:49:31,666 [INFO] simulator: Simulation ended
