2026-04-03 09:28:24 [INFO] Logging session started. Full log: /Users/franciscosimao/Documents/quant-learning/All_weather_portfolio/logs/2026-04-03_04-28-24_alpaca_rebalance.log
2026-04-03 09:28:24 [INFO] ========================================================================
2026-04-03 09:28:24 [INFO] ALPACA MONTHLY PAPER REBALANCER
2026-04-03 09:28:24 [INFO] ========================================================================
2026-04-03 09:28:24 [INFO] Strategy ID: 6asset_tip_gsg_rpavg
2026-04-03 09:28:24 [INFO] Mode: EXECUTE
2026-04-03 09:28:24 [INFO] Force flag: True
2026-04-03 09:28:24 [INFO] Alpaca credentials found for account 'live' (APCA_API_KEY_ID_LIVE).
2026-04-03 09:28:24 [INFO] Loading strategy: 6asset_tip_gsg_rpavg
2026-04-03 09:28:24 [INFO] Strategy loaded with 6 assets
2026-04-03 09:28:24 [INFO] Connecting to Alpaca paper trading...
2026-04-03 09:28:24 [INFO] Successfully connected to Alpaca
2026-04-03 09:28:24 [INFO] Validating target assets...
2026-04-03 09:28:25 [INFO] All 6 target assets validated as tradable
2026-04-03 09:28:25 [INFO] Checking calendar and market status...
2026-04-03 09:28:25 [INFO] Last trading day of month: 2026-04-30
2026-04-03 09:28:25 [INFO] Today is month-end: False
2026-04-03 09:28:25 [INFO] Market is open: False
2026-04-03 09:28:25 [INFO] Fetching account snapshot...
2026-04-03 09:28:25 [INFO] Account equity: $101,235.85
2026-04-03 09:28:25 [INFO] Account cash: $101,235.85
2026-04-03 09:28:25 [INFO] Current positions: 0
2026-04-03 09:28:25 [INFO] Building rebalance plan...
2026-04-03 09:28:25 [INFO] Rebalance plan built: 6 positions analyzed
2026-04-03 09:28:25 [DEBUG] 
Rebalance plan:
Symbol Action  Target %  Current %  Target $  Current $  Delta $  Qty  Notional $ Reason
   TIP    BUY      34.8        0.0  35053.93        0.0 35053.93 None    35053.93       
   TLT    BUY      17.5        0.0  17627.69        0.0 17627.69 None    17627.69       
  GLDM    BUY      14.2        0.0  14303.61        0.0 14303.61 None    14303.61       
   IVV    BUY      13.4        0.0  13497.78        0.0 13497.78 None    13497.78       
  QQQM    BUY      10.3        0.0  10375.16        0.0 10375.16 None    10375.16       
  PDBC    BUY       9.8        0.0   9871.51        0.0  9871.51 None     9871.51       
2026-04-03 09:28:25 [ERROR] Refusing to submit market orders while the regular session is closed.
