2026-03-31 14:56:46 [INFO] Logging session started. Full log: /Users/franciscosimao/Documents/quant-learning/All_weather_portfolio/logs/2026-03-31_09-56-46_alpaca_rebalance.log
2026-03-31 14:56:46 [INFO] ========================================================================
2026-03-31 14:56:46 [INFO] ALPACA MONTHLY PAPER REBALANCER
2026-03-31 14:56:46 [INFO] ========================================================================
2026-03-31 14:56:46 [INFO] Strategy ID: 6asset_tip_gsg_rpavg
2026-03-31 14:56:46 [INFO] Mode: EXECUTE
2026-03-31 14:56:46 [INFO] Force flag: False
2026-03-31 14:56:46 [INFO] Alpaca credentials found in environment.
2026-03-31 14:56:46 [INFO] Loading strategy: 6asset_tip_gsg_rpavg
2026-03-31 14:56:46 [INFO] Strategy loaded with 6 assets
2026-03-31 14:56:46 [INFO] Connecting to Alpaca paper trading...
2026-03-31 14:56:46 [INFO] Successfully connected to Alpaca
2026-03-31 14:56:46 [INFO] Validating target assets...
2026-03-31 14:56:47 [INFO] All 6 target assets validated as tradable
2026-03-31 14:56:47 [INFO] Checking calendar and market status...
2026-03-31 14:56:47 [INFO] Last trading day of month: 2026-03-31
2026-03-31 14:56:47 [INFO] Today is month-end: True
2026-03-31 14:56:47 [INFO] Market is open: True
2026-03-31 14:56:47 [INFO] Fetching account snapshot...
2026-03-31 14:56:47 [INFO] Account equity: $100,000.00
2026-03-31 14:56:47 [INFO] Account cash: $100,000.00
2026-03-31 14:56:47 [INFO] Current positions: 0
2026-03-31 14:56:47 [INFO] Building rebalance plan...
2026-03-31 14:56:47 [INFO] Rebalance plan built: 6 positions analyzed
2026-03-31 14:56:47 [DEBUG] 
Rebalance plan:
Symbol Action  Target %  Current %  Target $  Current $  Delta $  Qty  Notional $ Reason
   TIP    BUY      34.8        0.0   34626.0        0.0  34626.0 None     34626.0       
   TLT    BUY      17.5        0.0   17412.5        0.0  17412.5 None     17412.5       
   GLD    BUY      14.2        0.0   14129.0        0.0  14129.0 None     14129.0       
   SPY    BUY      13.4        0.0   13333.0        0.0  13333.0 None     13333.0       
   QQQ    BUY      10.3        0.0   10248.5        0.0  10248.5 None     10248.5       
   GSG    BUY       9.8        0.0    9751.0        0.0   9751.0 None      9751.0       
2026-03-31 14:56:47 [INFO] All pre-execution checks passed. Beginning execution...
2026-03-31 14:56:47 [INFO] Waiting for 0 sell orders to fill (timeout: 60s)...
2026-03-31 14:56:47 [INFO] Refreshing account snapshot after sells...
2026-03-31 14:56:47 [INFO] Account refreshed: equity=$100,000.00, cash=$100,000.00
2026-03-31 14:56:47 [INFO] Submitting 6 buy orders...
2026-03-31 14:56:48 [INFO] BUY  TIP    notional=$34,626.00
2026-03-31 14:56:48 [INFO] BUY  TLT    notional=$17,412.50
2026-03-31 14:56:48 [INFO] BUY  GLD    notional=$14,129.00
2026-03-31 14:56:48 [INFO] BUY  SPY    notional=$13,333.00
2026-03-31 14:56:48 [INFO] BUY  QQQ    notional=$10,248.50
2026-03-31 14:56:48 [INFO] BUY  GSG    notional=$9,751.00
2026-03-31 14:56:48 [INFO] Waiting for 6 buy orders to fill (timeout: 60s)...
2026-03-31 14:56:49 [INFO] Order 290f7de8-cb31-4c9c-96ee-e363cec01a25 -> filled
2026-03-31 14:56:51 [INFO] Order 362d33fc-89db-4232-b088-98ec53b72113 -> filled
2026-03-31 14:56:51 [INFO] Order 126ee292-7f16-4c09-b56b-1b2191f36283 -> filled
2026-03-31 14:56:51 [INFO] Order e195515d-3cdd-44fa-aa4e-270b920515af -> filled
2026-03-31 14:56:51 [INFO] Order 941897b4-59d5-4896-b4c5-79b5c96d4288 -> filled
2026-03-31 14:56:51 [INFO] Order ab179487-9690-4c75-abb9-a9766256a9aa -> filled
2026-03-31 14:56:51 [INFO] Execution complete. ✓
2026-03-31 14:56:51 [INFO] Recording performance snapshot...
2026-03-31 14:56:52 [WARNING] Could not calculate benchmark returns: 'SPY'
2026-03-31 14:56:52 [INFO] Performance snapshot: 2026-03-31 | Portfolio $99,991.50 (-0.01%) | Benchmarks SPY +0.00% | ALLW +0.00% | 60/40 +0.00%
